<?xml version="1.0" encoding="UTF-8"?>
<testng-results skipped="1" failed="0" ignored="1" total="6" passed="4">
  <reporter-output>
  </reporter-output>
  <suite name="Default suite" duration-ms="51" started-at="2021-03-03T09:40:27Z" finished-at="2021-03-03T09:40:27Z">
    <groups>
    </groups>
    <test name="Default test" duration-ms="51" started-at="2021-03-03T09:40:27Z" finished-at="2021-03-03T09:40:27Z">
      <class name="SeleniumPackage.TestNG1">
        <test-method status="PASS" signature="A2()[pri:0, instance:SeleniumPackage.TestNG1@5276e6b0]" name="A2" duration-ms="10" started-at="2021-03-03T09:40:27Z" finished-at="2021-03-03T09:40:27Z">
          <reporter-output>
          </reporter-output>
        </test-method> <!-- A2 -->
        <test-method status="PASS" signature="S()[pri:0, instance:SeleniumPackage.TestNG1@5276e6b0]" name="S" duration-ms="1" started-at="2021-03-03T09:40:27Z" finished-at="2021-03-03T09:40:27Z">
          <reporter-output>
          </reporter-output>
        </test-method> <!-- S -->
        <test-method status="SKIP" signature="a()[pri:0, instance:SeleniumPackage.TestNG1@5276e6b0]" name="a" duration-ms="1" started-at="2021-03-03T09:40:27Z" finished-at="2021-03-03T09:40:27Z">
          <exception class="org.testng.SkipException">
            <message>
              <![CDATA[a test method skipped]]>
            </message>
            <full-stacktrace>
              <![CDATA[org.testng.SkipException: a test method skipped
at SeleniumPackage.TestNG1.a(TestNG1.java:16)
at sun.reflect.NativeMethodAccessorImpl.invoke0(Native Method)
at sun.reflect.NativeMethodAccessorImpl.invoke(Unknown Source)
at sun.reflect.DelegatingMethodAccessorImpl.invoke(Unknown Source)
at java.lang.reflect.Method.invoke(Unknown Source)
at org.testng.internal.MethodInvocationHelper.invokeMethod(MethodInvocationHelper.java:124)
at org.testng.internal.Invoker.invokeMethod(Invoker.java:583)
at org.testng.internal.Invoker.invokeTestMethod(Invoker.java:719)
at org.testng.internal.Invoker.invokeTestMethods(Invoker.java:989)
at org.testng.internal.TestMethodWorker.invokeTestMethods(TestMethodWorker.java:125)
at org.testng.internal.TestMethodWorker.run(TestMethodWorker.java:109)
at org.testng.TestRunner.privateRun(TestRunner.java:648)
at org.testng.TestRunner.run(TestRunner.java:505)
at org.testng.SuiteRunner.runTest(SuiteRunner.java:455)
at org.testng.SuiteRunner.runSequentially(SuiteRunner.java:450)
at org.testng.SuiteRunner.privateRun(SuiteRunner.java:415)
at org.testng.SuiteRunner.run(SuiteRunner.java:364)
at org.testng.SuiteRunnerWorker.runSuite(SuiteRunnerWorker.java:52)
at org.testng.SuiteRunnerWorker.run(SuiteRunnerWorker.java:84)
at org.testng.TestNG.runSuitesSequentially(TestNG.java:1208)
at org.testng.TestNG.runSuitesLocally(TestNG.java:1137)
at org.testng.TestNG.runSuites(TestNG.java:1049)
at org.testng.TestNG.run(TestNG.java:1017)
at org.testng.remote.AbstractRemoteTestNG.run(AbstractRemoteTestNG.java:115)
at org.testng.remote.RemoteTestNG.initAndRun(RemoteTestNG.java:251)
at org.testng.remote.RemoteTestNG.main(RemoteTestNG.java:77)
]]>
            </full-stacktrace>
          </exception> <!-- org.testng.SkipException -->
          <reporter-output>
          </reporter-output>
        </test-method> <!-- a -->
        <test-method status="PASS" signature="a2()[pri:0, instance:SeleniumPackage.TestNG1@5276e6b0]" name="a2" duration-ms="1" started-at="2021-03-03T09:40:27Z" finished-at="2021-03-03T09:40:27Z">
          <reporter-output>
          </reporter-output>
        </test-method> <!-- a2 -->
        <test-method status="PASS" signature="A()[pri:1, instance:SeleniumPackage.TestNG1@5276e6b0]" name="A" duration-ms="1" started-at="2021-03-03T09:40:27Z" finished-at="2021-03-03T09:40:27Z">
          <reporter-output>
          </reporter-output>
        </test-method> <!-- A -->
      </class> <!-- SeleniumPackage.TestNG1 -->
    </test> <!-- Default test -->
  </suite> <!-- Default suite -->
</testng-results>
