<?xml version="1.0" encoding="UTF-8"?>
<!-- Generated by org.testng.reporters.JUnitXMLReporter -->
<testsuite hostname="Tejas-01" ignored="1" name="Test" tests="24" failures="1" timestamp="17 Sep 2020 17:59:58 GMT" time="0.123" errors="0">
  <testcase name="b" time="0.005" classname="javaPackage.TestNG4"/>
  <testcase name="a2" time="0.002" classname="javaPackage.TestNG4"/>
  <testcase name="assertionCheck" time="0.021" classname="javaPackage.TestNG2"/>
  <testcase name="f" time="0.001" classname="javaPackage.TestNG3"/>
  <testcase name="t" time="0.001" classname="javaPackage.TestNG3"/>
  <testcase name="a1" time="0.002" classname="javaPackage.TestNG3"/>
  <testcase name="a3" time="0.002" classname="javaPackage.TestNG3"/>
  <testcase name="a2" time="0.001" classname="javaPackage.TestNG1"/>
  <testcase name="a1" time="0.001" classname="javaPackage.TestNG1"/>
  <testcase name="G" time="0.002" classname="javaPackage.TestNG4"/>
  <testcase name="e" time="0.001" classname="javaPackage.TestNG4"/>
  <testcase name="g" time="0.002" classname="javaPackage.TestNG4"/>
  <testcase name="d" time="0.001" classname="javaPackage.TestNG5"/>
  <testcase name="d" time="0.001" classname="javaPackage.TestNG5"/>
  <testcase name="e" time="0.001" classname="javaPackage.TestNG5">
    <skipped/>
  </testcase> <!-- e -->
  <testcase name="a" time="0.004" classname="javaPackage.TestNG6"/>
  <testcase name="b" time="0.001" classname="javaPackage.TestNG6"/>
  <testcase name="b" time="0.001" classname="javaPackage.TestNG6"/>
  <testcase name="a" time="0.001" classname="javaPackage.TestNG7">
    <failure type="java.lang.AssertionError" message="expected [true] but found [false]">
      <![CDATA[java.lang.AssertionError: expected [true] but found [false]
at javaPackage.TestNG7.a(TestNG7.java:11)
... Removed 29 stack frames]]>
    </failure>
  </testcase> <!-- a -->
  <testcase name="A2" time="0.0" classname="javaPackage.TestNG8"/>
  <testcase name="S" time="0.001" classname="javaPackage.TestNG8"/>
  <testcase name="a" time="0.001" classname="javaPackage.TestNG8"/>
  <testcase name="a2" time="0.0" classname="javaPackage.TestNG8"/>
  <testcase name="s" time="0.001" classname="javaPackage.TestNG8"/>
  <testcase name="a" time="0.0" classname="javaPackage.TestNG5">
    <ignored/>
  </testcase> <!-- a -->
</testsuite> <!-- Test -->
