<?xml version="1.0" encoding="UTF-8"?>
<!-- Generated by org.testng.reporters.JUnitXMLReporter -->
<testsuite hostname="Tejas-01" ignored="1" name="Default test" tests="5" failures="0" timestamp="03 Mar 2021 09:40:27 GMT" time="0.051" errors="0">
  <testcase name="A2" time="0.01" classname="SeleniumPackage.TestNG1"/>
  <testcase name="S" time="0.001" classname="SeleniumPackage.TestNG1"/>
  <testcase name="a" time="0.001" classname="SeleniumPackage.TestNG1">
    <skipped/>
  </testcase> <!-- a -->
  <testcase name="a2" time="0.001" classname="SeleniumPackage.TestNG1"/>
  <testcase name="A" time="0.001" classname="SeleniumPackage.TestNG1"/>
  <testcase name="s" time="0.0" classname="SeleniumPackage.TestNG1">
    <ignored/>
  </testcase> <!-- s -->
</testsuite> <!-- Default test -->
